INFO  Validating config
FATAL Port 4000 has been used. Try other port instead.
FATAL {
  err: Error: listen EADDRINUSE: address already in use :::4000
      at Server.setupListenHandle [as _listen2] (node:net:1312:16)
      at listenInCluster (node:net:1360:12)
      at Server.listen (node:net:1447:7)
      at /usr/blog/node_modules/hexo-server/lib/server.js:69:12
      at Promise._execute (/usr/blog/node_modules/bluebird/js/release/debuggability.js:384:9)
      at Promise._resolveFromExecutor (/usr/blog/node_modules/bluebird/js/release/promise.js:518:18)
      at new Promise (/usr/blog/node_modules/bluebird/js/release/promise.js:103:10)
      at checkPort (/usr/blog/node_modules/hexo-server/lib/server.js:66:10)
      at Hexo.module.exports (/usr/blog/node_modules/hexo-server/lib/server.js:18:10)
      at Hexo.tryCatcher (/usr/blog/node_modules/bluebird/js/release/util.js:16:23)
      at Hexo.<anonymous> (/usr/blog/node_modules/bluebird/js/release/method.js:15:34)
      at /usr/blog/node_modules/hexo/lib/hexo/index.js:260:17
      at Promise._execute (/usr/blog/node_modules/bluebird/js/release/debuggability.js:384:9)
      at Promise._resolveFromExecutor (/usr/blog/node_modules/bluebird/js/release/promise.js:518:18)
      at new Promise (/usr/blog/node_modules/bluebird/js/release/promise.js:103:10)
      at Hexo.call (/usr/blog/node_modules/hexo/lib/hexo/index.js:256:12)
      at /usr/local/lib/node_modules/hexo-cli/lib/hexo.js:60:17
      at tryCatcher (/usr/local/lib/node_modules/hexo-cli/node_modules/bluebird/js/release/util.js:16:23)
      at Promise._settlePromiseFromHandler (/usr/local/lib/node_modules/hexo-cli/node_modules/bluebird/js/release/promise.js:547:31)
      at Promise._settlePromise (/usr/local/lib/node_modules/hexo-cli/node_modules/bluebird/js/release/promise.js:604:18)
      at Promise._settlePromise0 (/usr/local/lib/node_modules/hexo-cli/node_modules/bluebird/js/release/promise.js:649:10)
      at Promise._settlePromises (/usr/local/lib/node_modules/hexo-cli/node_modules/bluebird/js/release/promise.js:729:18) {
    code: 'EADDRINUSE',
    errno: -98,
    syscall: 'listen',
    address: '::',
    port: 4000
  }
} Something's wrong. Maybe you can find the solution here: %s https://hexo.io/docs/troubleshooting.html
